[2023-09-21 14:12:23] live.ERROR: Module [] does not exist! {"exception":"[object] (Nwidart\\Modules\\Exceptions\\ModuleNotFoundException(code: 0): Module [] does not exist! at C:\\Users\\dell.DESKTOP-TDK0A9A\\Documents\\em-sys\\vendor\\nwidart\\laravel-modules\\src\\FileRepository.php:366)
[stacktrace]
#0 C:\\Users\\dell.DESKTOP-TDK0A9A\\Documents\\em-sys\\vendor\\nwidart\\laravel-modules\\src\\FileRepository.php(464): Nwidart\\Modules\\FileRepository->findOrFail('')
#1 C:\\Users\\dell.DESKTOP-TDK0A9A\\Documents\\em-sys\\vendor\\nwidart\\laravel-modules\\src\\Traits\\ModuleCommandTrait.php(14): Nwidart\\Modules\\FileRepository->getUsedNow()
#2 C:\\Users\\dell.DESKTOP-TDK0A9A\\Documents\\em-sys\\vendor\\nwidart\\laravel-modules\\src\\Commands\\ControllerMakeCommand.php(44): Nwidart\\Modules\\Commands\\ControllerMakeCommand->getModuleName()
#3 C:\\Users\\dell.DESKTOP-TDK0A9A\\Documents\\em-sys\\vendor\\nwidart\\laravel-modules\\src\\Commands\\GeneratorCommand.php(37): Nwidart\\Modules\\Commands\\ControllerMakeCommand->getDestinationFilePath()
#4 C:\\Users\\dell.DESKTOP-TDK0A9A\\Documents\\em-sys\\vendor\\laravel\\framework\\src\\Illuminate\\Container\\BoundMethod.php(36): Nwidart\\Modules\\Commands\\GeneratorCommand->handle()
#5 C:\\Users\\dell.DESKTOP-TDK0A9A\\Documents\\em-sys\\vendor\\laravel\\framework\\src\\Illuminate\\Container\\Util.php(41): Illuminate\\Container\\BoundMethod::Illuminate\\Container\\{closure}()
#6 C:\\Users\\dell.DESKTOP-TDK0A9A\\Documents\\em-sys\\vendor\\laravel\\framework\\src\\Illuminate\\Container\\BoundMethod.php(93): Illuminate\\Container\\Util::unwrapIfClosure(Object(Closure))
#7 C:\\Users\\dell.DESKTOP-TDK0A9A\\Documents\\em-sys\\vendor\\laravel\\framework\\src\\Illuminate\\Container\\BoundMethod.php(37): Illuminate\\Container\\BoundMethod::callBoundMethod(Object(Illuminate\\Foundation\\Application), Array, Object(Closure))
#8 C:\\Users\\dell.DESKTOP-TDK0A9A\\Documents\\em-sys\\vendor\\laravel\\framework\\src\\Illuminate\\Container\\Container.php(661): Illuminate\\Container\\BoundMethod::call(Object(Illuminate\\Foundation\\Application), Array, Array, NULL)
#9 C:\\Users\\dell.DESKTOP-TDK0A9A\\Documents\\em-sys\\vendor\\laravel\\framework\\src\\Illuminate\\Console\\Command.php(183): Illuminate\\Container\\Container->call(Array)
#10 C:\\Users\\dell.DESKTOP-TDK0A9A\\Documents\\em-sys\\vendor\\symfony\\console\\Command\\Command.php(326): Illuminate\\Console\\Command->execute(Object(Symfony\\Component\\Console\\Input\\ArgvInput), Object(Illuminate\\Console\\OutputStyle))
#11 C:\\Users\\dell.DESKTOP-TDK0A9A\\Documents\\em-sys\\vendor\\laravel\\framework\\src\\Illuminate\\Console\\Command.php(153): Symfony\\Component\\Console\\Command\\Command->run(Object(Symfony\\Component\\Console\\Input\\ArgvInput), Object(Illuminate\\Console\\OutputStyle))
#12 C:\\Users\\dell.DESKTOP-TDK0A9A\\Documents\\em-sys\\vendor\\symfony\\console\\Application.php(1063): Illuminate\\Console\\Command->run(Object(Symfony\\Component\\Console\\Input\\ArgvInput), Object(Symfony\\Component\\Console\\Output\\ConsoleOutput))
#13 C:\\Users\\dell.DESKTOP-TDK0A9A\\Documents\\em-sys\\vendor\\symfony\\console\\Application.php(320): Symfony\\Component\\Console\\Application->doRunCommand(Object(Nwidart\\Modules\\Commands\\ControllerMakeCommand), Object(Symfony\\Component\\Console\\Input\\ArgvInput), Object(Symfony\\Component\\Console\\Output\\ConsoleOutput))
#14 C:\\Users\\dell.DESKTOP-TDK0A9A\\Documents\\em-sys\\vendor\\symfony\\console\\Application.php(174): Symfony\\Component\\Console\\Application->doRun(Object(Symfony\\Component\\Console\\Input\\ArgvInput), Object(Symfony\\Component\\Console\\Output\\ConsoleOutput))
#15 C:\\Users\\dell.DESKTOP-TDK0A9A\\Documents\\em-sys\\vendor\\laravel\\framework\\src\\Illuminate\\Console\\Application.php(102): Symfony\\Component\\Console\\Application->run(Object(Symfony\\Component\\Console\\Input\\ArgvInput), Object(Symfony\\Component\\Console\\Output\\ConsoleOutput))
#16 C:\\Users\\dell.DESKTOP-TDK0A9A\\Documents\\em-sys\\vendor\\laravel\\framework\\src\\Illuminate\\Foundation\\Console\\Kernel.php(155): Illuminate\\Console\\Application->run(Object(Symfony\\Component\\Console\\Input\\ArgvInput), Object(Symfony\\Component\\Console\\Output\\ConsoleOutput))
#17 C:\\Users\\dell.DESKTOP-TDK0A9A\\Documents\\em-sys\\artisan(37): Illuminate\\Foundation\\Console\\Kernel->handle(Object(Symfony\\Component\\Console\\Input\\ArgvInput), Object(Symfony\\Component\\Console\\Output\\ConsoleOutput))
#18 {main}
"} 
